[15-Jan-2020 10:08:20 UTC] PHP Parse error:  syntax error, unexpected 'echo' (T_ECHO), expecting ',' or ';' in C:\Users\Admin\Local Sites\become-wp-developer\app\public\wp-content\themes\my-first-custom-theme\index.php on line 3
[15-Jan-2020 10:08:36 UTC] PHP Parse error:  syntax error, unexpected 'echo' (T_ECHO), expecting ',' or ';' in C:\Users\Admin\Local Sites\become-wp-developer\app\public\wp-content\themes\my-first-custom-theme\index.php on line 3
[15-Jan-2020 10:08:37 UTC] PHP Parse error:  syntax error, unexpected 'echo' (T_ECHO), expecting ',' or ';' in C:\Users\Admin\Local Sites\become-wp-developer\app\public\wp-content\themes\my-first-custom-theme\index.php on line 3
[15-Jan-2020 10:08:50 UTC] PHP Parse error:  syntax error, unexpected 'echo' (T_ECHO), expecting ',' or ';' in C:\Users\Admin\Local Sites\become-wp-developer\app\public\wp-content\themes\my-first-custom-theme\index.php on line 3
[15-Jan-2020 10:08:55 UTC] PHP Parse error:  syntax error, unexpected 'echo' (T_ECHO), expecting ',' or ';' in C:\Users\Admin\Local Sites\become-wp-developer\app\public\wp-content\themes\my-first-custom-theme\index.php on line 3
[15-Jan-2020 10:08:56 UTC] PHP Parse error:  syntax error, unexpected 'echo' (T_ECHO), expecting ',' or ';' in C:\Users\Admin\Local Sites\become-wp-developer\app\public\wp-content\themes\my-first-custom-theme\index.php on line 3
[15-Jan-2020 10:09:14 UTC] PHP Parse error:  syntax error, unexpected '$name' (T_VARIABLE), expecting ',' or ';' in C:\Users\Admin\Local Sites\become-wp-developer\app\public\wp-content\themes\my-first-custom-theme\index.php on line 3
[15-Jan-2020 10:09:14 UTC] PHP Parse error:  syntax error, unexpected '$name' (T_VARIABLE), expecting ',' or ';' in C:\Users\Admin\Local Sites\become-wp-developer\app\public\wp-content\themes\my-first-custom-theme\index.php on line 3
[15-Jan-2020 10:09:15 UTC] PHP Parse error:  syntax error, unexpected '$name' (T_VARIABLE), expecting ',' or ';' in C:\Users\Admin\Local Sites\become-wp-developer\app\public\wp-content\themes\my-first-custom-theme\index.php on line 3
[15-Jan-2020 10:09:30 UTC] PHP Parse error:  syntax error, unexpected '$name' (T_VARIABLE), expecting ',' or ';' in C:\Users\Admin\Local Sites\become-wp-developer\app\public\wp-content\themes\my-first-custom-theme\index.php on line 3
[15-Jan-2020 10:09:31 UTC] PHP Parse error:  syntax error, unexpected '$name' (T_VARIABLE), expecting ',' or ';' in C:\Users\Admin\Local Sites\become-wp-developer\app\public\wp-content\themes\my-first-custom-theme\index.php on line 3
[15-Jan-2020 10:09:48 UTC] PHP Parse error:  syntax error, unexpected '}', expecting ',' or ';' in C:\Users\Admin\Local Sites\become-wp-developer\app\public\wp-content\themes\my-first-custom-theme\index.php on line 4
[15-Jan-2020 10:09:49 UTC] PHP Parse error:  syntax error, unexpected '}', expecting ',' or ';' in C:\Users\Admin\Local Sites\become-wp-developer\app\public\wp-content\themes\my-first-custom-theme\index.php on line 4
[15-Jan-2020 10:09:49 UTC] PHP Parse error:  syntax error, unexpected '}', expecting ',' or ';' in C:\Users\Admin\Local Sites\become-wp-developer\app\public\wp-content\themes\my-first-custom-theme\index.php on line 4
[15-Jan-2020 10:09:50 UTC] PHP Parse error:  syntax error, unexpected '}', expecting ',' or ';' in C:\Users\Admin\Local Sites\become-wp-developer\app\public\wp-content\themes\my-first-custom-theme\index.php on line 4
[15-Jan-2020 10:12:06 UTC] PHP Parse error:  syntax error, unexpected '}', expecting ',' or ';' in C:\Users\Admin\Local Sites\become-wp-developer\app\public\wp-content\themes\my-first-custom-theme\index.php on line 4
[15-Jan-2020 10:12:07 UTC] PHP Parse error:  syntax error, unexpected '}', expecting ',' or ';' in C:\Users\Admin\Local Sites\become-wp-developer\app\public\wp-content\themes\my-first-custom-theme\index.php on line 4
[15-Jan-2020 10:12:17 UTC] PHP Warning:  Use of undefined constant Dmitry - assumed 'Dmitry' (this will throw an Error in a future version of PHP) in C:\Users\Admin\Local Sites\become-wp-developer\app\public\wp-content\themes\my-first-custom-theme\index.php on line 5
[15-Jan-2020 10:12:17 UTC] PHP Stack trace:
[15-Jan-2020 10:12:17 UTC] PHP   1. {main}() C:\Users\Admin\Local Sites\become-wp-developer\app\public\index.php:0
[15-Jan-2020 10:12:17 UTC] PHP   2. require() C:\Users\Admin\Local Sites\become-wp-developer\app\public\index.php:17
[15-Jan-2020 10:12:17 UTC] PHP   3. require_once() C:\Users\Admin\Local Sites\become-wp-developer\app\public\wp-blog-header.php:19
[15-Jan-2020 10:12:17 UTC] PHP   4. include() C:\Users\Admin\Local Sites\become-wp-developer\app\public\wp-includes\template-loader.php:98
[15-Jan-2020 10:12:41 UTC] PHP Warning:  Use of undefined constant Dmitry - assumed 'Dmitry' (this will throw an Error in a future version of PHP) in C:\Users\Admin\Local Sites\become-wp-developer\app\public\wp-content\themes\my-first-custom-theme\index.php on line 3
[15-Jan-2020 10:12:41 UTC] PHP Stack trace:
[15-Jan-2020 10:12:41 UTC] PHP   1. {main}() C:\Users\Admin\Local Sites\become-wp-developer\app\public\index.php:0
[15-Jan-2020 10:12:41 UTC] PHP   2. require() C:\Users\Admin\Local Sites\become-wp-developer\app\public\index.php:17
[15-Jan-2020 10:12:41 UTC] PHP   3. require_once() C:\Users\Admin\Local Sites\become-wp-developer\app\public\wp-blog-header.php:19
[15-Jan-2020 10:12:41 UTC] PHP   4. include() C:\Users\Admin\Local Sites\become-wp-developer\app\public\wp-includes\template-loader.php:98
[15-Jan-2020 10:12:42 UTC] PHP Warning:  Use of undefined constant Dmitry - assumed 'Dmitry' (this will throw an Error in a future version of PHP) in C:\Users\Admin\Local Sites\become-wp-developer\app\public\wp-content\themes\my-first-custom-theme\index.php on line 3
[15-Jan-2020 10:12:42 UTC] PHP Stack trace:
[15-Jan-2020 10:12:42 UTC] PHP   1. {main}() C:\Users\Admin\Local Sites\become-wp-developer\app\public\index.php:0
[15-Jan-2020 10:12:42 UTC] PHP   2. require() C:\Users\Admin\Local Sites\become-wp-developer\app\public\index.php:17
[15-Jan-2020 10:12:42 UTC] PHP   3. require_once() C:\Users\Admin\Local Sites\become-wp-developer\app\public\wp-blog-header.php:19
[15-Jan-2020 10:12:42 UTC] PHP   4. include() C:\Users\Admin\Local Sites\become-wp-developer\app\public\wp-includes\template-loader.php:98
[15-Jan-2020 10:12:42 UTC] PHP Warning:  Use of undefined constant Dmitry - assumed 'Dmitry' (this will throw an Error in a future version of PHP) in C:\Users\Admin\Local Sites\become-wp-developer\app\public\wp-content\themes\my-first-custom-theme\index.php on line 3
[15-Jan-2020 10:12:42 UTC] PHP Stack trace:
[15-Jan-2020 10:12:42 UTC] PHP   1. {main}() C:\Users\Admin\Local Sites\become-wp-developer\app\public\index.php:0
[15-Jan-2020 10:12:42 UTC] PHP   2. require() C:\Users\Admin\Local Sites\become-wp-developer\app\public\index.php:17
[15-Jan-2020 10:12:42 UTC] PHP   3. require_once() C:\Users\Admin\Local Sites\become-wp-developer\app\public\wp-blog-header.php:19
[15-Jan-2020 10:12:42 UTC] PHP   4. include() C:\Users\Admin\Local Sites\become-wp-developer\app\public\wp-includes\template-loader.php:98
[15-Jan-2020 10:12:43 UTC] PHP Warning:  Use of undefined constant Dmitry - assumed 'Dmitry' (this will throw an Error in a future version of PHP) in C:\Users\Admin\Local Sites\become-wp-developer\app\public\wp-content\themes\my-first-custom-theme\index.php on line 3
[15-Jan-2020 10:12:43 UTC] PHP Stack trace:
[15-Jan-2020 10:12:43 UTC] PHP   1. {main}() C:\Users\Admin\Local Sites\become-wp-developer\app\public\index.php:0
[15-Jan-2020 10:12:43 UTC] PHP   2. require() C:\Users\Admin\Local Sites\become-wp-developer\app\public\index.php:17
[15-Jan-2020 10:12:43 UTC] PHP   3. require_once() C:\Users\Admin\Local Sites\become-wp-developer\app\public\wp-blog-header.php:19
[15-Jan-2020 10:12:43 UTC] PHP   4. include() C:\Users\Admin\Local Sites\become-wp-developer\app\public\wp-includes\template-loader.php:98
[15-Jan-2020 10:12:43 UTC] PHP Warning:  Use of undefined constant Dmitry - assumed 'Dmitry' (this will throw an Error in a future version of PHP) in C:\Users\Admin\Local Sites\become-wp-developer\app\public\wp-content\themes\my-first-custom-theme\index.php on line 3
[15-Jan-2020 10:12:43 UTC] PHP Stack trace:
[15-Jan-2020 10:12:43 UTC] PHP   1. {main}() C:\Users\Admin\Local Sites\become-wp-developer\app\public\index.php:0
[15-Jan-2020 10:12:43 UTC] PHP   2. require() C:\Users\Admin\Local Sites\become-wp-developer\app\public\index.php:17
[15-Jan-2020 10:12:43 UTC] PHP   3. require_once() C:\Users\Admin\Local Sites\become-wp-developer\app\public\wp-blog-header.php:19
[15-Jan-2020 10:12:43 UTC] PHP   4. include() C:\Users\Admin\Local Sites\become-wp-developer\app\public\wp-includes\template-loader.php:98
[15-Jan-2020 10:12:43 UTC] PHP Warning:  Use of undefined constant Dmitry - assumed 'Dmitry' (this will throw an Error in a future version of PHP) in C:\Users\Admin\Local Sites\become-wp-developer\app\public\wp-content\themes\my-first-custom-theme\index.php on line 3
[15-Jan-2020 10:12:43 UTC] PHP Stack trace:
[15-Jan-2020 10:12:43 UTC] PHP   1. {main}() C:\Users\Admin\Local Sites\become-wp-developer\app\public\index.php:0
[15-Jan-2020 10:12:43 UTC] PHP   2. require() C:\Users\Admin\Local Sites\become-wp-developer\app\public\index.php:17
[15-Jan-2020 10:12:43 UTC] PHP   3. require_once() C:\Users\Admin\Local Sites\become-wp-developer\app\public\wp-blog-header.php:19
[15-Jan-2020 10:12:43 UTC] PHP   4. include() C:\Users\Admin\Local Sites\become-wp-developer\app\public\wp-includes\template-loader.php:98
[15-Jan-2020 10:12:43 UTC] PHP Warning:  Use of undefined constant Dmitry - assumed 'Dmitry' (this will throw an Error in a future version of PHP) in C:\Users\Admin\Local Sites\become-wp-developer\app\public\wp-content\themes\my-first-custom-theme\index.php on line 3
[15-Jan-2020 10:12:43 UTC] PHP Stack trace:
[15-Jan-2020 10:12:43 UTC] PHP   1. {main}() C:\Users\Admin\Local Sites\become-wp-developer\app\public\index.php:0
[15-Jan-2020 10:12:43 UTC] PHP   2. require() C:\Users\Admin\Local Sites\become-wp-developer\app\public\index.php:17
[15-Jan-2020 10:12:43 UTC] PHP   3. require_once() C:\Users\Admin\Local Sites\become-wp-developer\app\public\wp-blog-header.php:19
[15-Jan-2020 10:12:43 UTC] PHP   4. include() C:\Users\Admin\Local Sites\become-wp-developer\app\public\wp-includes\template-loader.php:98
[15-Jan-2020 10:12:43 UTC] PHP Warning:  Use of undefined constant Dmitry - assumed 'Dmitry' (this will throw an Error in a future version of PHP) in C:\Users\Admin\Local Sites\become-wp-developer\app\public\wp-content\themes\my-first-custom-theme\index.php on line 3
[15-Jan-2020 10:12:43 UTC] PHP Stack trace:
[15-Jan-2020 10:12:43 UTC] PHP   1. {main}() C:\Users\Admin\Local Sites\become-wp-developer\app\public\index.php:0
[15-Jan-2020 10:12:43 UTC] PHP   2. require() C:\Users\Admin\Local Sites\become-wp-developer\app\public\index.php:17
[15-Jan-2020 10:12:43 UTC] PHP   3. require_once() C:\Users\Admin\Local Sites\become-wp-developer\app\public\wp-blog-header.php:19
[15-Jan-2020 10:12:43 UTC] PHP   4. include() C:\Users\Admin\Local Sites\become-wp-developer\app\public\wp-includes\template-loader.php:98
[15-Jan-2020 10:12:44 UTC] PHP Warning:  Use of undefined constant Dmitry - assumed 'Dmitry' (this will throw an Error in a future version of PHP) in C:\Users\Admin\Local Sites\become-wp-developer\app\public\wp-content\themes\my-first-custom-theme\index.php on line 3
[15-Jan-2020 10:12:44 UTC] PHP Stack trace:
[15-Jan-2020 10:12:44 UTC] PHP   1. {main}() C:\Users\Admin\Local Sites\become-wp-developer\app\public\index.php:0
[15-Jan-2020 10:12:44 UTC] PHP   2. require() C:\Users\Admin\Local Sites\become-wp-developer\app\public\index.php:17
[15-Jan-2020 10:12:44 UTC] PHP   3. require_once() C:\Users\Admin\Local Sites\become-wp-developer\app\public\wp-blog-header.php:19
[15-Jan-2020 10:12:44 UTC] PHP   4. include() C:\Users\Admin\Local Sites\become-wp-developer\app\public\wp-includes\template-loader.php:98
[15-Jan-2020 10:12:45 UTC] PHP Warning:  Use of undefined constant Dmitry - assumed 'Dmitry' (this will throw an Error in a future version of PHP) in C:\Users\Admin\Local Sites\become-wp-developer\app\public\wp-content\themes\my-first-custom-theme\index.php on line 3
[15-Jan-2020 10:12:45 UTC] PHP Stack trace:
[15-Jan-2020 10:12:45 UTC] PHP   1. {main}() C:\Users\Admin\Local Sites\become-wp-developer\app\public\index.php:0
[15-Jan-2020 10:12:45 UTC] PHP   2. require() C:\Users\Admin\Local Sites\become-wp-developer\app\public\index.php:17
[15-Jan-2020 10:12:45 UTC] PHP   3. require_once() C:\Users\Admin\Local Sites\become-wp-developer\app\public\wp-blog-header.php:19
[15-Jan-2020 10:12:45 UTC] PHP   4. include() C:\Users\Admin\Local Sites\become-wp-developer\app\public\wp-includes\template-loader.php:98
[15-Jan-2020 10:12:45 UTC] PHP Warning:  Use of undefined constant Dmitry - assumed 'Dmitry' (this will throw an Error in a future version of PHP) in C:\Users\Admin\Local Sites\become-wp-developer\app\public\wp-content\themes\my-first-custom-theme\index.php on line 3
[15-Jan-2020 10:12:45 UTC] PHP Stack trace:
[15-Jan-2020 10:12:45 UTC] PHP   1. {main}() C:\Users\Admin\Local Sites\become-wp-developer\app\public\index.php:0
[15-Jan-2020 10:12:45 UTC] PHP   2. require() C:\Users\Admin\Local Sites\become-wp-developer\app\public\index.php:17
[15-Jan-2020 10:12:45 UTC] PHP   3. require_once() C:\Users\Admin\Local Sites\become-wp-developer\app\public\wp-blog-header.php:19
[15-Jan-2020 10:12:45 UTC] PHP   4. include() C:\Users\Admin\Local Sites\become-wp-developer\app\public\wp-includes\template-loader.php:98
[15-Jan-2020 10:12:45 UTC] PHP Warning:  Use of undefined constant Dmitry - assumed 'Dmitry' (this will throw an Error in a future version of PHP) in C:\Users\Admin\Local Sites\become-wp-developer\app\public\wp-content\themes\my-first-custom-theme\index.php on line 3
[15-Jan-2020 10:12:45 UTC] PHP Stack trace:
[15-Jan-2020 10:12:45 UTC] PHP   1. {main}() C:\Users\Admin\Local Sites\become-wp-developer\app\public\index.php:0
[15-Jan-2020 10:12:45 UTC] PHP   2. require() C:\Users\Admin\Local Sites\become-wp-developer\app\public\index.php:17
[15-Jan-2020 10:12:45 UTC] PHP   3. require_once() C:\Users\Admin\Local Sites\become-wp-developer\app\public\wp-blog-header.php:19
[15-Jan-2020 10:12:45 UTC] PHP   4. include() C:\Users\Admin\Local Sites\become-wp-developer\app\public\wp-includes\template-loader.php:98
[15-Jan-2020 10:12:45 UTC] PHP Warning:  Use of undefined constant Dmitry - assumed 'Dmitry' (this will throw an Error in a future version of PHP) in C:\Users\Admin\Local Sites\become-wp-developer\app\public\wp-content\themes\my-first-custom-theme\index.php on line 3
[15-Jan-2020 10:12:45 UTC] PHP Stack trace:
[15-Jan-2020 10:12:45 UTC] PHP   1. {main}() C:\Users\Admin\Local Sites\become-wp-developer\app\public\index.php:0
[15-Jan-2020 10:12:45 UTC] PHP   2. require() C:\Users\Admin\Local Sites\become-wp-developer\app\public\index.php:17
[15-Jan-2020 10:12:45 UTC] PHP   3. require_once() C:\Users\Admin\Local Sites\become-wp-developer\app\public\wp-blog-header.php:19
[15-Jan-2020 10:12:45 UTC] PHP   4. include() C:\Users\Admin\Local Sites\become-wp-developer\app\public\wp-includes\template-loader.php:98
[15-Jan-2020 10:12:46 UTC] PHP Warning:  Use of undefined constant Dmitry - assumed 'Dmitry' (this will throw an Error in a future version of PHP) in C:\Users\Admin\Local Sites\become-wp-developer\app\public\wp-content\themes\my-first-custom-theme\index.php on line 3
[15-Jan-2020 10:12:46 UTC] PHP Stack trace:
[15-Jan-2020 10:12:46 UTC] PHP   1. {main}() C:\Users\Admin\Local Sites\become-wp-developer\app\public\index.php:0
[15-Jan-2020 10:12:46 UTC] PHP   2. require() C:\Users\Admin\Local Sites\become-wp-developer\app\public\index.php:17
[15-Jan-2020 10:12:46 UTC] PHP   3. require_once() C:\Users\Admin\Local Sites\become-wp-developer\app\public\wp-blog-header.php:19
[15-Jan-2020 10:12:46 UTC] PHP   4. include() C:\Users\Admin\Local Sites\become-wp-developer\app\public\wp-includes\template-loader.php:98
[15-Jan-2020 10:12:46 UTC] PHP Warning:  Use of undefined constant Dmitry - assumed 'Dmitry' (this will throw an Error in a future version of PHP) in C:\Users\Admin\Local Sites\become-wp-developer\app\public\wp-content\themes\my-first-custom-theme\index.php on line 3
[15-Jan-2020 10:12:46 UTC] PHP Stack trace:
[15-Jan-2020 10:12:46 UTC] PHP   1. {main}() C:\Users\Admin\Local Sites\become-wp-developer\app\public\index.php:0
[15-Jan-2020 10:12:46 UTC] PHP   2. require() C:\Users\Admin\Local Sites\become-wp-developer\app\public\index.php:17
[15-Jan-2020 10:12:46 UTC] PHP   3. require_once() C:\Users\Admin\Local Sites\become-wp-developer\app\public\wp-blog-header.php:19
[15-Jan-2020 10:12:46 UTC] PHP   4. include() C:\Users\Admin\Local Sites\become-wp-developer\app\public\wp-includes\template-loader.php:98
[15-Jan-2020 10:12:46 UTC] PHP Warning:  Use of undefined constant Dmitry - assumed 'Dmitry' (this will throw an Error in a future version of PHP) in C:\Users\Admin\Local Sites\become-wp-developer\app\public\wp-content\themes\my-first-custom-theme\index.php on line 3
[15-Jan-2020 10:12:46 UTC] PHP Stack trace:
[15-Jan-2020 10:12:46 UTC] PHP   1. {main}() C:\Users\Admin\Local Sites\become-wp-developer\app\public\index.php:0
[15-Jan-2020 10:12:46 UTC] PHP   2. require() C:\Users\Admin\Local Sites\become-wp-developer\app\public\index.php:17
[15-Jan-2020 10:12:46 UTC] PHP   3. require_once() C:\Users\Admin\Local Sites\become-wp-developer\app\public\wp-blog-header.php:19
[15-Jan-2020 10:12:46 UTC] PHP   4. include() C:\Users\Admin\Local Sites\become-wp-developer\app\public\wp-includes\template-loader.php:98
[15-Jan-2020 10:12:46 UTC] PHP Warning:  Use of undefined constant Dmitry - assumed 'Dmitry' (this will throw an Error in a future version of PHP) in C:\Users\Admin\Local Sites\become-wp-developer\app\public\wp-content\themes\my-first-custom-theme\index.php on line 3
[15-Jan-2020 10:12:46 UTC] PHP Stack trace:
[15-Jan-2020 10:12:46 UTC] PHP   1. {main}() C:\Users\Admin\Local Sites\become-wp-developer\app\public\index.php:0
[15-Jan-2020 10:12:46 UTC] PHP   2. require() C:\Users\Admin\Local Sites\become-wp-developer\app\public\index.php:17
[15-Jan-2020 10:12:46 UTC] PHP   3. require_once() C:\Users\Admin\Local Sites\become-wp-developer\app\public\wp-blog-header.php:19
[15-Jan-2020 10:12:46 UTC] PHP   4. include() C:\Users\Admin\Local Sites\become-wp-developer\app\public\wp-includes\template-loader.php:98
[15-Jan-2020 10:12:47 UTC] PHP Warning:  Use of undefined constant Dmitry - assumed 'Dmitry' (this will throw an Error in a future version of PHP) in C:\Users\Admin\Local Sites\become-wp-developer\app\public\wp-content\themes\my-first-custom-theme\index.php on line 3
[15-Jan-2020 10:12:47 UTC] PHP Stack trace:
[15-Jan-2020 10:12:47 UTC] PHP   1. {main}() C:\Users\Admin\Local Sites\become-wp-developer\app\public\index.php:0
[15-Jan-2020 10:12:47 UTC] PHP   2. require() C:\Users\Admin\Local Sites\become-wp-developer\app\public\index.php:17
[15-Jan-2020 10:12:47 UTC] PHP   3. require_once() C:\Users\Admin\Local Sites\become-wp-developer\app\public\wp-blog-header.php:19
[15-Jan-2020 10:12:47 UTC] PHP   4. include() C:\Users\Admin\Local Sites\become-wp-developer\app\public\wp-includes\template-loader.php:98
[15-Jan-2020 10:12:47 UTC] PHP Warning:  Use of undefined constant Dmitry - assumed 'Dmitry' (this will throw an Error in a future version of PHP) in C:\Users\Admin\Local Sites\become-wp-developer\app\public\wp-content\themes\my-first-custom-theme\index.php on line 3
[15-Jan-2020 10:12:47 UTC] PHP Stack trace:
[15-Jan-2020 10:12:47 UTC] PHP   1. {main}() C:\Users\Admin\Local Sites\become-wp-developer\app\public\index.php:0
[15-Jan-2020 10:12:47 UTC] PHP   2. require() C:\Users\Admin\Local Sites\become-wp-developer\app\public\index.php:17
[15-Jan-2020 10:12:47 UTC] PHP   3. require_once() C:\Users\Admin\Local Sites\become-wp-developer\app\public\wp-blog-header.php:19
[15-Jan-2020 10:12:47 UTC] PHP   4. include() C:\Users\Admin\Local Sites\become-wp-developer\app\public\wp-includes\template-loader.php:98
[15-Jan-2020 10:12:47 UTC] PHP Warning:  Use of undefined constant Dmitry - assumed 'Dmitry' (this will throw an Error in a future version of PHP) in C:\Users\Admin\Local Sites\become-wp-developer\app\public\wp-content\themes\my-first-custom-theme\index.php on line 3
[15-Jan-2020 10:12:47 UTC] PHP Stack trace:
[15-Jan-2020 10:12:47 UTC] PHP   1. {main}() C:\Users\Admin\Local Sites\become-wp-developer\app\public\index.php:0
[15-Jan-2020 10:12:47 UTC] PHP   2. require() C:\Users\Admin\Local Sites\become-wp-developer\app\public\index.php:17
[15-Jan-2020 10:12:47 UTC] PHP   3. require_once() C:\Users\Admin\Local Sites\become-wp-developer\app\public\wp-blog-header.php:19
[15-Jan-2020 10:12:47 UTC] PHP   4. include() C:\Users\Admin\Local Sites\become-wp-developer\app\public\wp-includes\template-loader.php:98
[18-Jan-2020 07:25:14 UTC] PHP Parse error:  syntax error, unexpected 'bloginfo' (T_STRING), expecting ',' or ';' in C:\Users\Admin\Local Sites\become-wp-developer\app\public\wp-content\themes\my-first-custom-theme\index.php on line 1
[18-Jan-2020 07:26:10 UTC] PHP Parse error:  syntax error, unexpected 'bloginfo' (T_STRING) in C:\Users\Admin\Local Sites\become-wp-developer\app\public\wp-content\themes\my-first-custom-theme\index.php on line 1
[18-Jan-2020 07:28:34 UTC] PHP Parse error:  syntax error, unexpected 'bloginfo' (T_STRING) in C:\Users\Admin\Local Sites\become-wp-developer\app\public\wp-content\themes\my-first-custom-theme\index.php on line 1
[18-Jan-2020 07:28:58 UTC] PHP Parse error:  syntax error, unexpected 'bloginfo' (T_STRING) in C:\Users\Admin\Local Sites\become-wp-developer\app\public\wp-content\themes\my-first-custom-theme\index.php on line 1
[18-Jan-2020 07:28:59 UTC] PHP Parse error:  syntax error, unexpected 'bloginfo' (T_STRING) in C:\Users\Admin\Local Sites\become-wp-developer\app\public\wp-content\themes\my-first-custom-theme\index.php on line 1
[18-Jan-2020 07:28:59 UTC] PHP Parse error:  syntax error, unexpected 'bloginfo' (T_STRING) in C:\Users\Admin\Local Sites\become-wp-developer\app\public\wp-content\themes\my-first-custom-theme\index.php on line 1
[18-Jan-2020 07:28:59 UTC] PHP Parse error:  syntax error, unexpected 'bloginfo' (T_STRING) in C:\Users\Admin\Local Sites\become-wp-developer\app\public\wp-content\themes\my-first-custom-theme\index.php on line 1
[18-Jan-2020 07:29:21 UTC] PHP Parse error:  syntax error, unexpected 'bloginfo' (T_STRING), expecting ',' or ';' in C:\Users\Admin\Local Sites\become-wp-developer\app\public\wp-content\themes\my-first-custom-theme\index.php on line 1
